/*C13*/SET SCHEMA PUBLIC
CONNECT USER SA
DISCONNECT
/*C14*/SET SCHEMA PUBLIC
CONNECT USER SA
DISCONNECT
/*C15*/SET SCHEMA PUBLIC
CONNECT USER SA
/*C16*/SET SCHEMA PUBLIC
CONNECT USER SA
/*C17*/SET SCHEMA PUBLIC
CONNECT USER SA
/*C18*/SET SCHEMA PUBLIC
CONNECT USER SA
/*C19*/SET SCHEMA PUBLIC
CONNECT USER SA
/*C20*/SET SCHEMA PUBLIC
CONNECT USER SA
/*C21*/SET SCHEMA PUBLIC
CONNECT USER SA
/*C22*/SET SCHEMA PUBLIC
CONNECT USER SA
/*C23*/SET SCHEMA PUBLIC
CONNECT USER SA
/*C24*/SET SCHEMA PUBLIC
CONNECT USER SA
SET LOGSIZE 5
SET AUTOCOMMIT FALSE
/*C23*/SET AUTOCOMMIT FALSE
SET AUTOCOMMIT TRUE
/*C24*/CREATE TABLE fr_exerecord(ID INTEGER GENERATED BY DEFAULT AS IDENTITY (start with 1),tname VARCHAR(255) NULL,type TINYINT NULL,param VARCHAR(2047) NULL,ip VARCHAR(255) NULL,username VARCHAR(255) NULL,userrole VARCHAR(255) NULL,time INTEGER NULL,logtime TIMESTAMP NULL,PRIMARY KEY (ID))
CREATE TABLE fr_exprecord(ID INTEGER GENERATED BY DEFAULT AS IDENTITY (start with 1),tname VARCHAR(255) NULL,type TINYINT NULL,param VARCHAR(2047) NULL,ip VARCHAR(255) NULL,username VARCHAR(255) NULL,userrole VARCHAR(255) NULL,time INTEGER NULL,logtime TIMESTAMP NULL,PRIMARY KEY (ID))
CREATE TABLE fr_ptrecord(ID INTEGER GENERATED BY DEFAULT AS IDENTITY (start with 1),tname VARCHAR(255) NULL,type TINYINT NULL,param VARCHAR(2047) NULL,ip VARCHAR(255) NULL,username VARCHAR(255) NULL,userrole VARCHAR(255) NULL,logtime TIMESTAMP NULL,PRIMARY KEY (ID))
CREATE TABLE fr_errrecord(ID INTEGER GENERATED BY DEFAULT AS IDENTITY (start with 1),tname VARCHAR(255) NULL,sinfo VARCHAR(2047) NULL,type TINYINT NULL,msg VARCHAR(1023) NULL,trace LONGVARCHAR NULL,logtime TIMESTAMP NULL,PRIMARY KEY (ID))
CREATE TABLE fr_schedulerecord(ID INTEGER GENERATED BY DEFAULT AS IDENTITY (start with 1),tname VARCHAR(255) NULL,sinfo VARCHAR(2047) NULL,type TINYINT NULL,msg VARCHAR(1023) NULL,trace LONGVARCHAR NULL,logtime TIMESTAMP NULL,detailmsg VARCHAR(1023) NULL,PRIMARY KEY (ID))
CREATE TABLE fr_fsrecord(ID INTEGER GENERATED BY DEFAULT AS IDENTITY (start with 1),username VARCHAR(255) NULL,userrole VARCHAR(255) NULL,ip VARCHAR(255) NULL,logtime TIMESTAMP NULL,PRIMARY KEY (ID))
create index fr_exerecord_index on fr_exerecord(logtime asc, type asc)
create index fr_exprecord_index on fr_exprecord(logtime asc, type asc)
create index fr_ptrecord_index on fr_ptrecord(logtime asc, type asc)
create index fr_errrecord_index on fr_errrecord(logtime asc, type asc)
create index fr_schedulerecord_index on fr_schedulerecord(logtime asc, type asc)
create index fr_fsrecord_index on fr_fsrecord(logtime asc, username asc)
SET AUTOCOMMIT TRUE
INSERT INTO FR_ERRRECORD VALUES(1,'\u975e\u6a21\u677f\u89e6\u53d1\u9519\u8bef',NULL,6,'A JSONArray text must start with ''['' at character 1 of WB.cpt','com.fr.json.JSONException: A JSONArray text must start with ''['' at character 1 of WB.cpt\u000d\u000a\u0009at com.fr.json.JSONTokener.syntaxError(Unknown Source)\u000d\u000a\u0009at com.fr.json.JSONArray.<init>(Unknown Source)\u000d\u000a\u0009at com.fr.json.JSONArray.<init>(Unknown Source)\u000d\u000a\u0009at com.fr.web.reportlet.MultiTemplateReportlet.createFromReportlets(Unknown Source)\u000d\u000a\u0009at com.fr.web.reportlet.MultiTemplateReportlet.createReportsFromReportlets(Unknown Source)\u000d\u000a\u0009at com.fr.web.reportlet.MultiTemplateReportlet.createReport(Unknown Source)\u000d\u000a\u0009at com.fr.web.core.Reportlet.createSessionIDInfor(Unknown Source)\u000d\u000a\u0009at com.fr.web.core.SessionDealWith.generateSessionID(Unknown Source)\u000d\u000a\u0009at com.fr.web.core.reserve.ReportletDealWith.dealWithReportlet(ReportletDealWith.java:47)\u000d\u000a\u0009at com.fr.web.core.Reportlet.dealWeblet(Unknown Source)\u000d\u000a\u0009at com.fr.web.core.ReportDispatcher.dealWeblet(Unknown Source)\u000d\u000a\u0009at com.fr.web.core.ReportDispatcher.dealWithRequest(Unknown Source)\u000d\u000a\u0009at com.fr.web.BaseServlet.doGet(Unknown Source)\u000d\u000a\u0009at javax.servlet.http.HttpServlet.service(HttpServlet.java:634)\u000d\u000a\u0009at javax.servlet.http.HttpServlet.service(HttpServlet.java:741)\u000d\u000a\u0009at org.apache.catalina.core.ApplicationFilterChain.internalDoFilter(ApplicationFilterChain.java:231)\u000d\u000a\u0009at org.apache.catalina.core.ApplicationFilterChain.doFilter(ApplicationFilterChain.java:166)\u000d\u000a\u0009at org.apache.tomcat.websocket.server.WsFilter.doFilter(WsFilter.java:53)\u000d\u000a\u0009at org.apache.catalina.core.ApplicationFilterChain.internalDoFilter(ApplicationFilterChain.java:193)\u000d\u000a\u0009at org.apache.catalina.core.ApplicationFilterChain.doFilter(ApplicationFilterChain.java:166)\u000d\u000a\u0009at org.springframework.web.filter.CorsFilter.doFilterInternal(CorsFilter.java:96)\u000d\u000a\u0009at org.springframework.web.filter.OncePerRequestFilter.doFilter(OncePerRequestFilter.java:107)\u000d\u000a\u0009at org.apache.catalina.core.ApplicationFilterChain.internalDoFilter(ApplicationFilterChain.java:193)\u000d\u000a\u0009at org.apache.catalina.core.ApplicationFilterChain.doFilter(ApplicationFilterChain.java:166)\u000d\u000a\u0009at org.apache.catalina.filters.RemoteIpFilter.doFilter(RemoteIpFilter.java:845)\u000d\u000a\u0009at org.apache.catalina.filters.RemoteIpFilter.doFilter(RemoteIpFilter.java:902)\u000d\u000a\u0009at org.apache.catalina.core.ApplicationFilterChain.internalDoFilter(ApplicationFilterChain.java:193)\u000d\u000a\u0009at org.apache.catalina.core.ApplicationFilterChain.doFilter(ApplicationFilterChain.java:166)\u000d\u000a\u0009at org.springframework.web.filter.RequestContextFilter.doFilterInternal(RequestContextFilter.java:99)\u000d\u000a\u0009at org.springframework.web.filter.OncePerRequestFilter.doFilter(OncePerRequestFilter.java:107)\u000d\u000a\u0009at org.apache.catalina.core.ApplicationFilterChain.internalDoFilter(ApplicationFilterChain.java:193)\u000d\u000a\u0009at org.apache.catalina.core.ApplicationFilterChain.doFilter(ApplicationFilterChain.java:166)\u000d\u000a\u0009at org.springframework.web.filter.FormContentFilter.doFilterInternal(FormContentFilter.java:92)\u000d\u000a\u0009at org.springframework.web.filter.OncePerRequestFilter.doFilter(OncePerRequestFilter.java:107)\u000d\u000a\u0009at org.apache.catalina.core.ApplicationFilterChain.internalDoFilter(ApplicationFilterChain.java:193)\u000d\u000a\u0009at org.apache.catalina.core.ApplicationFilterChain.doFilter(ApplicationFilterChain.java:166)\u000d\u000a\u0009at org.springframework.web.filter.HiddenHttpMethodFilter.doFilterInternal(HiddenHttpMethodFilter.java:93)\u000d\u000a\u0009at org.springframework.web.filter.OncePerRequestFilter.doFilter(OncePerRequestFilter.java:107)\u000d\u000a\u0009at org.apache.catalina.core.ApplicationFilterChain.internalDoFilter(ApplicationFilterChain.java:193)\u000d\u000a\u0009at org.apache.catalina.core.ApplicationFilterChain.doFilter(ApplicationFilterChain.java:166)\u000d\u000a\u0009at org.springframework.web.filter.CharacterEncodingFilter.doFilterInternal(CharacterEncodingFilter.java:200)\u000d\u000a\u0009at org.springframework.web.filter.OncePerRequestFilter.doFilter(OncePerRequestFilter.java:107)\u000d\u000a\u0009at org.apache.catalina.core.ApplicationFilterChain.internalDoFilter(ApplicationFilterChain.java:193)\u000d\u000a\u0009at org.apache.catalina.core.ApplicationFilterChain.doFilter(ApplicationFilterChain.java:166)\u000d\u000a\u0009at com.insigma.insiis.rptverify.filter.WhiteListFilter.doFilter(WhiteListFilter.java:56)\u000d\u000a\u0009at org.apache.catalina.core.ApplicationFilterChain.internalDoFilter(ApplicationFilterChain.java:193)\u000d\u000a\u0009at org.apache.catalina.core.ApplicationFilterChain.doFilter(ApplicationFilterChain.java:166)\u000d\u000a\u0009at org.apache.catalina.core.StandardWrapperValve.invoke(StandardWrapperValve.java:200)\u000d\u000a\u0009at org.apache.catalina.core.StandardContextValve.invoke(StandardContextValve.java:96)\u000d\u000a\u0009at org.apache.catalina.authenticator.AuthenticatorBase.invoke(AuthenticatorBase.java:490)\u000d\u000a\u0009at org.apache.catalina.core.StandardHostValve.invoke(StandardHostValve.java:139)\u000d\u000a\u0009at org.apache.catalina.valves.ErrorReportValve.invoke(ErrorReportValve.java:92)\u000d\u000a\u0009at org.apache.catalina.core.StandardEngineValve.invoke(StandardEngineValve.java:74)\u000d\u000a\u0009at org.apache.catalina.connector.CoyoteAdapter.service(CoyoteAdapter.java:343)\u000d\u000a\u0009at org.apache.coyote.http11.Http11Processor.service(Http11Processor.java:408)\u000d\u000a\u0009at org.apache.coyote.AbstractProcessorLight.process(AbstractProcessorLight.java:66)\u000d\u000a\u0009at org.apache.coyote.AbstractProtocol$ConnectionHandler.process(AbstractProtocol.java:834)\u000d\u000a\u0009at org.apache.tomcat.util.net.NioEndpoint$SocketProcessor.doRun(NioEndpoint.java:1415)\u000d\u000a\u0009at org.apache.tomcat.util.net.SocketProcessorBase.run(SocketProcessorBase.java:49)\u000d\u000a\u0009at java.util.concurrent.ThreadPoolExecutor.runWorker(ThreadPoolExecutor.java:1149)\u000d\u000a\u0009at java.util.concurrent.ThreadPoolExecutor$Worker.run(ThreadPoolExecutor.java:624)\u000d\u000a\u0009at org.apache.tomcat.util.threads.TaskThread$WrappingRunnable.run(TaskThread.java:61)\u000d\u000a\u0009at java.lang.Thread.run(Thread.java:748)\u000d\u000a','2021-03-24 16:24:19.534000000')
